(cd /export/home/drlou/illumos-userland-1248/components/autoconf/build/i86 ; /usr/bin/env  /usr/gnu/bin/make \
			 check)
make[1]: Entering directory `/export/home/drlou/illumos-userland-1248/components/autoconf/build/i86'
/usr/gnu/bin/make  check-recursive
make[2]: Entering directory `/export/home/drlou/illumos-userland-1248/components/autoconf/build/i86'
Making check in bin
make[3]: Entering directory `/export/home/drlou/illumos-userland-1248/components/autoconf/build/i86/bin'
make[3]: Nothing to be done for `check'.
make[3]: Leaving directory `/export/home/drlou/illumos-userland-1248/components/autoconf/build/i86/bin'
Making check in .
make[3]: Entering directory `/export/home/drlou/illumos-userland-1248/components/autoconf/build/i86'
make[3]: Nothing to be done for `check-am'.
make[3]: Leaving directory `/export/home/drlou/illumos-userland-1248/components/autoconf/build/i86'
Making check in lib
make[3]: Entering directory `/export/home/drlou/illumos-userland-1248/components/autoconf/build/i86/lib'
Making check in Autom4te
make[4]: Entering directory `/export/home/drlou/illumos-userland-1248/components/autoconf/build/i86/lib/Autom4te'
make[4]: Nothing to be done for `check'.
make[4]: Leaving directory `/export/home/drlou/illumos-userland-1248/components/autoconf/build/i86/lib/Autom4te'
Making check in m4sugar
make[4]: Entering directory `/export/home/drlou/illumos-userland-1248/components/autoconf/build/i86/lib/m4sugar'
/usr/gnu/bin/make  check-local
make[5]: Entering directory `/export/home/drlou/illumos-userland-1248/components/autoconf/build/i86/lib/m4sugar'
make[5]: Leaving directory `/export/home/drlou/illumos-userland-1248/components/autoconf/build/i86/lib/m4sugar'
make[4]: Leaving directory `/export/home/drlou/illumos-userland-1248/components/autoconf/build/i86/lib/m4sugar'
Making check in autoconf
make[4]: Entering directory `/export/home/drlou/illumos-userland-1248/components/autoconf/build/i86/lib/autoconf'
/usr/gnu/bin/make  check-local
make[5]: Entering directory `/export/home/drlou/illumos-userland-1248/components/autoconf/build/i86/lib/autoconf'
make[5]: Leaving directory `/export/home/drlou/illumos-userland-1248/components/autoconf/build/i86/lib/autoconf'
make[4]: Leaving directory `/export/home/drlou/illumos-userland-1248/components/autoconf/build/i86/lib/autoconf'
Making check in autotest
make[4]: Entering directory `/export/home/drlou/illumos-userland-1248/components/autoconf/build/i86/lib/autotest'
/usr/gnu/bin/make  check-local
make[5]: Entering directory `/export/home/drlou/illumos-userland-1248/components/autoconf/build/i86/lib/autotest'
make[5]: Leaving directory `/export/home/drlou/illumos-userland-1248/components/autoconf/build/i86/lib/autotest'
make[4]: Leaving directory `/export/home/drlou/illumos-userland-1248/components/autoconf/build/i86/lib/autotest'
Making check in autoscan
make[4]: Entering directory `/export/home/drlou/illumos-userland-1248/components/autoconf/build/i86/lib/autoscan'
make[4]: Nothing to be done for `check'.
make[4]: Leaving directory `/export/home/drlou/illumos-userland-1248/components/autoconf/build/i86/lib/autoscan'
Making check in emacs
make[4]: Entering directory `/export/home/drlou/illumos-userland-1248/components/autoconf/build/i86/lib/emacs'
make[4]: Leaving directory `/export/home/drlou/illumos-userland-1248/components/autoconf/build/i86/lib/emacs'
make[4]: Entering directory `/export/home/drlou/illumos-userland-1248/components/autoconf/build/i86/lib'
make[4]: Nothing to be done for `check-am'.
make[4]: Leaving directory `/export/home/drlou/illumos-userland-1248/components/autoconf/build/i86/lib'
make[3]: Leaving directory `/export/home/drlou/illumos-userland-1248/components/autoconf/build/i86/lib'
Making check in doc
make[3]: Entering directory `/export/home/drlou/illumos-userland-1248/components/autoconf/build/i86/doc'
make[3]: Nothing to be done for `check'.
make[3]: Leaving directory `/export/home/drlou/illumos-userland-1248/components/autoconf/build/i86/doc'
Making check in tests
make[3]: Entering directory `/export/home/drlou/illumos-userland-1248/components/autoconf/build/i86/tests'
/usr/gnu/bin/make  check-local
make[4]: Entering directory `/export/home/drlou/illumos-userland-1248/components/autoconf/build/i86/tests'
/bin/bash ./testsuite 
## ----------------------------- ##
## GNU Autoconf 2.63 test suite. ##
## ----------------------------- ##

Executables (autoheader, autoupdate...).

  1: Syntax of the shell scripts                     FAILED (tools.at:55)
  2: Syntax of the Perl scripts                      ok
  3: autom4te cache                                  ok
  4: autom4te --force                                ok
  5: autom4te and whitespace in file names           ok
  6: autoconf --trace: user macros                   ok
  7: autoconf --trace: builtins                      ok
  8: autoconf: forbidden tokens, basic               FAILED (tools.at:350)
  9: autoconf: forbidden tokens, exceptions          FAILED (tools.at:391)
 10: autoconf: automatically allowed tokens          FAILED (tools.at:416)
 11: autoconf: the empty token                       ok
 12: autoconf: subdirectories                        FAILED (tools.at:455)
 13: autoconf: input from stdin                      ok
 14: autoconf: AC_AUTOCONF_VERSION                   FAILED (tools.at:490)
 15: ifnames                                         ok
 16: autoheader                                      ok
 17: autoupdate                                      ok
 18: autoupdating AC_LINK_FILES                      FAILED (tools.at:729)
 19: autoupdating AC_PREREQ                          ok
 20: autoupdating AU_ALIAS                           FAILED (tools.at:776)
 21: autoupdating OLD to NEW                         FAILED (tools.at:803)
 22: autoupdating AC_HELP_STRING                     FAILED (tools.at:822)
 23: autoupdating with m4sugar                       FAILED (tools.at:859)
 24: autoupdating AC_LANG_SAVE                       FAILED (tools.at:879)
 25: autoupdating AC_FOREACH                         FAILED (tools.at:902)
 26: autoupdating with aclocal and m4_include        ok
 27: autom4te preselections                          FAILED (tools.at:978)
 28: autotools and whitespace in file names          FAILED (tools.at:1023)

M4sugar.

 29: m4_defn                                         ok
 30: m4_warn                                         ok
 31: m4_require: error message                       ok
 32: m4_require: circular dependencies               ok
 33: m4_cond                                         ok
 34: m4_split                                        ok
 35: m4_do                                           ok
 36: m4_append                                       ok
 37: m4_join                                         ok
 38: m4_text_wrap                                    ok
 39: m4_version_compare                              ok
 40: Standard regular expressions                    ok
 41: m4_bmatch                                       ok
 42: m4_bpatsubsts                                   ok
 43: M4 loops                                        ok
 44: m4_map                                          ok
 45: m4_combine                                      ok
 46: m4_max and m4_min                               ok
 47: recursion                                       ok
 48: m4_set                                          ok

M4sh.

 49: LINENO                                          ok
 50: AS_DIRNAME                                      FAILED (m4sh.at:152)
 51: AS_ECHO and AS_ECHO_N                           ok
 52: AS_BASENAME                                     ok
 53: AS_MKDIR_P                                      ok
 54: AS_VERSION_COMPARE                              ok
 55: Negated classes in globbing                     ok
 56: Functions Support                               ok
 57: Functions and return Support                    ok
 58: AS_REQUIRE_SHELL_FN and m4_require              ok
 59: AS_HELP_STRING                                  ok
 60: AS_IF and AS_CASE                               ok
 61: AS_LITERAL_IF                                   ok
 62: AS_INIT cleanup                                 ok

Autotest.

 63: Empty test suite                                ok
 64: Banner-only test suite                          ok
 65: Empty test                                      ok
 66: Empty check                                     ok
 67: AT_SETUP without AT_INIT                        ok
 68: AT_BANNER without AT_INIT                       ok
 69: AT_CLEANUP without AT_INIT                      ok
 70: Missing AT_CLEANUP                              ok
 71: AT_CHECK without AT_SETUP                       ok
 72: AT_DATA without AT_SETUP                        ok
 73: AT_XFAIL_IF without AT_SETUP                    ok
 74: AT_KEYWORDS without AT_SETUP                    ok
 75: AT_CLEANUP without AT_SETUP                     ok
 76: AT_BANNER inside AT_SETUP                       ok
 77: AT_SETUP inside AT_SETUP                        ok
 78: Multiple AT_INIT                                ok
 79: Tested programs                                 ok
 80: Truth                                           ok
 81: Fallacy                                         ok
 82: Skip                                            ok
 83: errexit                                         ok
 84: Literal multiline command                       ok
 85: Multiline parameter expansion                   ok
 86: Backquote command substitution                  ok
 87: Multiline backquote command substitution        ok
 88: Parenthetical command substitution              ok
 89: Multiline parenthetical command substitution    ok
 90: Invalid brace-enclosed parameter expansion      ok
 91: Multiline command from M4 expansion             UNEXPECTED PASS
 92: Double-M4-quoted command                        ok
 93: BS-newline in command                           ok
 94: ^BS-newline in command                          ok
 95: BSx641-newline in command                       ok
 96: BS-BS-newline in command                        ok
 97: BSx640-newline in command                       ok
 98: Newline-CODE-BS-newline in command              ok
 99: Single-quote-BS-newline in command              ok
100: Single-quote-newline-BS-newline in command      ok
101: Input from stdin                                ok
102: Backquote in a test title                       ok
103: Single-quote in a test title                    ok
104: Double-quote in a test title                    ok
105: Backslash in a test title                       ok
106: Brackets in a test title                        ok
107: Left bracket in a test title                    ok
108: Right bracket in a test title                   ok
109: Pound in a test title                           ok
110: Quoted comma in a test title                    ok
111: Comma in a test title                           ok
112: Parentheses in a test title                     ok
113: Left paren in a test title                      ok
114: Right paren in a test title                     ok
115: Quoted Macro in a test title                    ok
116: Macro in a test title                           ok
117: Macro with backquote in a test title            ok
118: Macro with single-quote in a test title         ok
119: Macro with double-quote in a test title         ok
120: Macro with backslash in a test title            ok
121: Macro echoing macro in a test title             ok
122: Macro echoing single-quote in a test title      ok
123: Long test title in a test title                 ok
124: Longer test title in a test title               ok
125: Long test source lines                          ok
126: Debugging a successful test                     ok
127: Debugging script and environment                ok
128: Debugging a failed test                         ok
129: Using atlocal                                   ok
130: Choosing where testsuite is run                 ok
131: Banners                                         ok
132: Keywords and ranges                             ok
133: srcdir propagation                              FAILED (autotest.at:794)
134: whitespace in absolute testdir                  ok
135: unusual file names                              ok

Autoconf base layer.

136: AC_REQUIRE: topological sort                    FAILED (base.at:61)
137: AC_REQUIRE: error message                       ok
138: AC_REQUIRE & AC_DEFUN_ONCE: Require, expand     FAILED (base.at:119)
139: AC_REQUIRE & AC_DEFUN_ONCE: Expand, require     FAILED (base.at:164)
140: AC_REQUIRE & AC_PROVIDE                         FAILED (base.at:197)
141: AC_CACHE_CHECK                                  FAILED (base.at:220)
142: AC_COMPUTE_INT                                  FAILED (base.at:255)
143: AC_TRY_COMMAND                                  FAILED (base.at:285)
144: Input/Output                                    FAILED (base.at:302)
145: configure arguments                             FAILED (base.at:321)
146: configure directories                           FAILED (base.at:346)

Testing config.status.

147: AC_CONFIG_COMMANDS with empty commands          FAILED (torture.at:29)
148: Multiple AC_CONFIG_FILES                        ok
149: Parameterized AC_CONFIG_FILES                   FAILED (torture.at:56)
150: AC_ARG_VAR                                      FAILED (torture.at:127)
151: AC_CONFIG_FILES, HEADERS, LINKS and COMMANDS    FAILED (torture.at:196)
152: Macro calls in AC_CONFIG_COMMANDS tags          FAILED (torture.at:353)
153: Missing templates                               FAILED (torture.at:373)
154: configure invocation                            FAILED (torture.at:416)
155: #define header templates                        FAILED (torture.at:521)
156: Torturing config.status                         FAILED (torture.at:660)
157: Substitute a 2000-byte string                   FAILED (torture.at:738)
158: Define to a 2000-byte string                    FAILED (torture.at:765)
159: Substitute and define special characters        FAILED (torture.at:832)
160: Substitute a newline                            FAILED (torture.at:889)
161: Define a newline                                FAILED (torture.at:906)
162: AC_SUBST: variable name validation              FAILED (torture.at:964)
163: datarootdir workaround                          FAILED (torture.at:1005)
164: srcdir                                          FAILED (torture.at:1051)
165: Signal handling                                 FAILED (torture.at:1078)
166: AC_CONFIG_LINKS and identical files             FAILED (torture.at:1099)

autoreconf.

167: Configuring subdirectories                      ok
168: Deep Package                                    ok
169: Non-Autoconf AC_CONFIG_SUBDIRS                  ok
170: Empty directory                                 ok
171: Unusual Automake input files                    ok

Low level compiling/preprocessing macros.

172: AC_LANG, AC_LANG_PUSH & AC_LANG_POP             FAILED (compile.at:58)
173: AC_REQUIRE & AC_LANG                            FAILED (compile.at:105)
174: AC_RUN_IFELSE                                   FAILED (compile.at:139)
175: AC_TRY_LINK_FUNC                                FAILED (compile.at:148)

Testing autoconf/lang macros.

176: AC_NO_EXECUTABLES                               FAILED (aclang.at:13)
177: AC_REQUIRE_CPP                                  FAILED (aclang.at:14)

C low level compiling/preprocessing macros.

178: Extensions                                      FAILED (c.at:36)
179: Broken/missing compilers                        FAILED (c.at:67)
180: C keywords                                      FAILED (c.at:78)
181: AC_PROG_CPP requires AC_PROG_CC                 FAILED (c.at:96)
182: AC_PROG_CPP with warnings                       FAILED (c.at:121)
183: AC_PROG_CPP without warnings                    skipped (c.at:144)
184: AC_PROG_CPP via CC                              skipped (c.at:182)
185: AC_NO_EXECUTABLES (working linker)              FAILED (c.at:220)
186: AC_NO_EXECUTABLES (broken linker)               FAILED (c.at:230)
187: AC_USE_SYSTEM_EXTENSIONS                        FAILED (c.at:247)

Testing autoconf/c macros.

188: AC_C_BACKSLASH_A                                FAILED (acc.at:13)
189: AC_C_BIGENDIAN                                  FAILED (acc.at:14)
190: AC_C_CHAR_UNSIGNED                              FAILED (acc.at:15)
191: AC_C_FLEXIBLE_ARRAY_MEMBER                      FAILED (acc.at:16)
192: AC_C_INLINE                                     FAILED (acc.at:17)
193: AC_C_PROTOTYPES                                 FAILED (acc.at:18)
194: AC_C_RESTRICT                                   FAILED (acc.at:19)
195: AC_C_STRINGIZE                                  FAILED (acc.at:20)
196: AC_C_TYPEOF                                     FAILED (acc.at:21)
197: AC_C_VARARRAYS                                  FAILED (acc.at:22)
198: AC_OPENMP                                       FAILED (acc.at:23)
199: AC_PROG_CC_C89                                  FAILED (acc.at:24)
200: AC_PROG_CC_C99                                  FAILED (acc.at:25)
201: AC_PROG_CC_C_O                                  FAILED (acc.at:26)
202: AC_PROG_CC_STDC                                 FAILED (acc.at:27)
203: AC_PROG_CPP_WERROR                              FAILED (acc.at:28)
204: AC_PROG_GCC_TRADITIONAL                         FAILED (acc.at:29)
205: AC_LANG_C                                       FAILED (acc.at:32)
206: AC_LANG_CPLUSPLUS                               FAILED (acc.at:33)
207: AC_LANG_OBJC                                    FAILED (acc.at:34)

Fortran low level compiling/preprocessing macros.

208: GNU Fortran 77                                  FAILED (fortran.at:33)
209: GNU Fortran                                     FAILED (fortran.at:61)

Testing autoconf/fortran macros.

210: AC_F77_MAIN                                     FAILED (acfortran.at:13)
211: AC_F77_WRAPPERS                                 FAILED (acfortran.at:14)
212: AC_FC_MAIN                                      FAILED (acfortran.at:15)
213: AC_FC_WRAPPERS                                  FAILED (acfortran.at:16)
214: AC_PROG_F77_C_O                                 FAILED (acfortran.at:17)
215: AC_PROG_FC_C_O                                  FAILED (acfortran.at:18)
216: AC_F77_NAME_MANGLING                            FAILED (acfortran.at:21)
217: AC_LANG_FORTRAN77                               FAILED (acfortran.at:22)

Semantics.

218: AC_CHECK_LIB                                    FAILED (semantics.at:35)
219: AC_SEARCH_LIBS                                  FAILED (semantics.at:79)
220: AC_SEARCH_LIBS (none needed)                    FAILED (semantics.at:92)
221: AC_CHECK_DECLS                                  FAILED (semantics.at:107)
222: AC_CHECK_FUNCS                                  FAILED (semantics.at:130)
223: AC_REPLACE_FUNCS                                FAILED (semantics.at:153)
224: AC_CHECK_HEADERS                                FAILED (semantics.at:173)
225: AC_CHECK_HEADERS_OLD                            FAILED (semantics.at:197)
226: AC_CHECK_HEADERS_NEW                            FAILED (semantics.at:229)
227: AC_CHECK_MEMBERS                                FAILED (semantics.at:245)
228: AC_CHECK_ALIGNOF                                FAILED (semantics.at:258)
229: AC_CHECK_ALIGNOF (cross compile)                FAILED (semantics.at:258)
230: AC_CHECK_ALIGNOF struct                         FAILED (semantics.at:275)
231: AC_CHECK_ALIGNOF struct (cross compile)         FAILED (semantics.at:275)
232: AC_CHECK_SIZEOF                                 FAILED (semantics.at:287)
233: AC_CHECK_SIZEOF (cross compile)                 FAILED (semantics.at:287)
234: AC_CHECK_SIZEOF struct                          FAILED (semantics.at:303)
235: AC_CHECK_SIZEOF struct (cross compile)          FAILED (semantics.at:303)
236: AC_CHECK_TYPES                                  FAILED (semantics.at:324)
237: AC_CHECK_TYPES: backward compatibility          FAILED (semantics.at:356)
238: AC_CHECK_FILES                                  FAILED (semantics.at:374)
239: AC_CHECK_PROG & AC_CHECK_PROGS                  FAILED (semantics.at:455)
240: AC_C_BIGENDIAN                                  FAILED (semantics.at:472)
241: AC_PATH_PROG & AC_PATH_PROGS                    FAILED (semantics.at:546)
242: AC_PATH_PROGS_FEATURE_CHECK                     FAILED (semantics.at:624)
243: AC_PATH_XTRA                                    FAILED (semantics.at:639)
244: AC_SYS_RESTARTABLE_SYSCALLS                     FAILED (semantics.at:655)
245: AC_FUNC_SETVBUF_REVERSED                        FAILED (semantics.at:656)
246: AC_FUNC_WAIT3                                   FAILED (semantics.at:657)

Testing autoconf/general macros.

247: AC_ARG_ENABLE                                   FAILED (acgeneral.at:13)
248: AC_ARG_PROGRAM                                  FAILED (acgeneral.at:14)
249: AC_ARG_WITH                                     FAILED (acgeneral.at:15)
250: AC_CHECK_DECLS_ONCE                             FAILED (acgeneral.at:16)
251: AC_EGREP_CPP                                    FAILED (acgeneral.at:17)
252: AC_EGREP_HEADER                                 FAILED (acgeneral.at:18)
253: AC_PREFIX_DEFAULT                               FAILED (acgeneral.at:19)
254: AC_PRESERVE_HELP_ORDER                          FAILED (acgeneral.at:20)
255: AC_CHECKING                                     FAILED (acgeneral.at:23)
256: AC_COMPILE_CHECK                                FAILED (acgeneral.at:24)
257: AC_ENABLE                                       FAILED (acgeneral.at:25)
258: AC_FOREACH                                      FAILED (acgeneral.at:26)
259: AC_MSG_RESULT_UNQUOTED                          FAILED (acgeneral.at:27)
260: AC_TRY_COMPILE                                  FAILED (acgeneral.at:28)
261: AC_TRY_CPP                                      FAILED (acgeneral.at:29)
262: AC_TRY_LINK                                     FAILED (acgeneral.at:30)
263: AC_TRY_RUN                                      FAILED (acgeneral.at:31)
264: AC_VALIDATE_CACHED_SYSTEM_TUPLE                 FAILED (acgeneral.at:32)
265: AC_WITH                                         FAILED (acgeneral.at:33)

Testing autoconf/status macros.

266: AC_OUTPUT_COMMANDS                              FAILED (acstatus.at:15)

Testing autoconf/specific macros.

267: AC_SYS_INTERPRETER                              FAILED (acspecific.at:13)
268: AC_SYS_LARGEFILE                                FAILED (acspecific.at:14)
269: AC_SYS_LONG_FILE_NAMES                          FAILED (acspecific.at:15)
270: AC_SYS_POSIX_TERMIOS                            FAILED (acspecific.at:16)
271: AC_AIX                                          FAILED (acspecific.at:19)
272: AC_ARG_ARRAY                                    FAILED (acspecific.at:20)
273: AC_DECL_SYS_SIGLIST                             FAILED (acspecific.at:21)
274: AC_DYNIX_SEQ                                    FAILED (acspecific.at:22)
275: AC_HAVE_POUNDBANG                               FAILED (acspecific.at:23)
276: AC_IRIX_SUN                                     FAILED (acspecific.at:24)
277: AC_ISC_POSIX                                    FAILED (acspecific.at:25)
278: AC_MINIX                                        FAILED (acspecific.at:26)
279: AC_SCO_INTL                                     FAILED (acspecific.at:27)
280: AC_XENIX_DIR                                    FAILED (acspecific.at:28)

Testing autoconf/programs macros.

281: AC_PROG_AWK                                     FAILED (acprograms.at:13)
282: AC_PROG_FGREP                                   FAILED (acprograms.at:14)
283: AC_PROG_INSTALL                                 FAILED (acprograms.at:15)
284: AC_PROG_LEX                                     FAILED (acprograms.at:16)
285: AC_PROG_LN_S                                    FAILED (acprograms.at:17)
286: AC_PROG_MAKE_SET                                FAILED (acprograms.at:18)
287: AC_PROG_MKDIR_P                                 FAILED (acprograms.at:19)
288: AC_PROG_RANLIB                                  FAILED (acprograms.at:20)
289: AC_PROG_SED                                     FAILED (acprograms.at:21)
290: AC_PROG_YACC                                    FAILED (acprograms.at:22)
291: AC_CHECK_TOOL_PREFIX                            FAILED (acprograms.at:25)
292: AC_DECL_YYTEXT                                  FAILED (acprograms.at:26)
293: AC_RSH                                          FAILED (acprograms.at:27)

Testing autoconf/headers macros.

294: AC_CHECK_HEADERS_ONCE                           FAILED (acheaders.at:13)
295: AC_HEADER_ASSERT                                FAILED (acheaders.at:14)
296: AC_HEADER_MAJOR                                 FAILED (acheaders.at:15)
297: AC_HEADER_RESOLV                                FAILED (acheaders.at:16)
298: AC_HEADER_STAT                                  FAILED (acheaders.at:17)
299: AC_HEADER_STDBOOL                               FAILED (acheaders.at:18)
300: AC_HEADER_TIOCGWINSZ                            FAILED (acheaders.at:19)
301: AC_DIR_HEADER                                   FAILED (acheaders.at:22)
302: AC_MEMORY_H                                     FAILED (acheaders.at:23)
303: AC_UNISTD_H                                     FAILED (acheaders.at:24)
304: AC_USG                                          FAILED (acheaders.at:25)

Testing autoconf/types macros.

305: AC_STRUCT_DIRENT_D_INO                          FAILED (actypes.at:13)
306: AC_STRUCT_DIRENT_D_TYPE                         FAILED (actypes.at:14)
307: AC_STRUCT_ST_BLOCKS                             FAILED (actypes.at:15)
308: AC_STRUCT_TIMEZONE                              FAILED (actypes.at:16)
309: AC_TYPE_INT16_T                                 FAILED (actypes.at:17)
310: AC_TYPE_INT32_T                                 FAILED (actypes.at:18)
311: AC_TYPE_INT64_T                                 FAILED (actypes.at:19)
312: AC_TYPE_INT8_T                                  FAILED (actypes.at:20)
313: AC_TYPE_INTMAX_T                                FAILED (actypes.at:21)
314: AC_TYPE_INTPTR_T                                FAILED (actypes.at:22)
315: AC_TYPE_LONG_DOUBLE                             FAILED (actypes.at:23)
316: AC_TYPE_LONG_DOUBLE_WIDER                       FAILED (actypes.at:24)
317: AC_TYPE_MODE_T                                  FAILED (actypes.at:25)
318: AC_TYPE_OFF_T                                   FAILED (actypes.at:26)
319: AC_TYPE_SSIZE_T                                 FAILED (actypes.at:27)
320: AC_TYPE_UINT16_T                                FAILED (actypes.at:28)
321: AC_TYPE_UINT32_T                                FAILED (actypes.at:29)
322: AC_TYPE_UINT64_T                                FAILED (actypes.at:30)
323: AC_TYPE_UINT8_T                                 FAILED (actypes.at:31)
324: AC_TYPE_UINTMAX_T                               FAILED (actypes.at:32)
325: AC_TYPE_UINTPTR_T                               FAILED (actypes.at:33)
326: AC_C_LONG_DOUBLE                                FAILED (actypes.at:36)
327: AC_INT_16_BITS                                  FAILED (actypes.at:37)
328: AC_LONG_64_BITS                                 FAILED (actypes.at:38)
329: AC_STRUCT_ST_BLKSIZE                            FAILED (actypes.at:39)
330: AC_STRUCT_ST_RDEV                               FAILED (actypes.at:40)
331: AC_TYPE_SIGNAL                                  FAILED (actypes.at:41)
332: AM_TYPE_PTRDIFF_T                               FAILED (actypes.at:42)

Testing autoconf/functions macros.

333: AC_CHECK_FUNCS_ONCE                             FAILED (acfunctions.at:13)
334: AC_FUNC_CHOWN                                   FAILED (acfunctions.at:14)
335: AC_FUNC_CLOSEDIR_VOID                           FAILED (acfunctions.at:15)
336: AC_FUNC_ERROR_AT_LINE                           FAILED (acfunctions.at:16)
337: AC_FUNC_FNMATCH                                 FAILED (acfunctions.at:17)
338: AC_FUNC_FORK                                    FAILED (acfunctions.at:18)
339: AC_FUNC_FSEEKO                                  FAILED (acfunctions.at:19)
340: AC_FUNC_GETGROUPS                               FAILED (acfunctions.at:20)
341: AC_FUNC_GETMNTENT                               FAILED (acfunctions.at:21)
342: AC_FUNC_GETPGRP                                 FAILED (acfunctions.at:22)
343: AC_FUNC_LSTAT                                   FAILED (acfunctions.at:23)
344: AC_FUNC_MALLOC                                  FAILED (acfunctions.at:24)
345: AC_FUNC_MBRTOWC                                 FAILED (acfunctions.at:25)
346: AC_FUNC_MEMCMP                                  FAILED (acfunctions.at:26)
347: AC_FUNC_MKTIME                                  FAILED (acfunctions.at:27)
348: AC_FUNC_MMAP                                    FAILED (acfunctions.at:28)
349: AC_FUNC_OBSTACK                                 FAILED (acfunctions.at:29)
350: AC_FUNC_REALLOC                                 FAILED (acfunctions.at:30)
351: AC_FUNC_SELECT_ARGTYPES                         FAILED (acfunctions.at:31)
352: AC_FUNC_SETPGRP                                 FAILED (acfunctions.at:32)
353: AC_FUNC_STAT                                    FAILED (acfunctions.at:33)
354: AC_FUNC_STRCOLL                                 FAILED (acfunctions.at:34)
355: AC_FUNC_STRERROR_R                              FAILED (acfunctions.at:35)
356: AC_FUNC_STRFTIME                                FAILED (acfunctions.at:36)
357: AC_FUNC_STRNLEN                                 FAILED (acfunctions.at:37)
358: AC_FUNC_STRTOD                                  FAILED (acfunctions.at:38)
359: AC_FUNC_STRTOLD                                 FAILED (acfunctions.at:39)
360: AC_FUNC_UTIME_NULL                              FAILED (acfunctions.at:40)
361: AC_FUNC_VPRINTF                                 FAILED (acfunctions.at:41)

Testing autoconf/libs macros.

362: AC_HAVE_LIBRARY                                 FAILED (aclibs.at:15)

Compatibility with other tools.

363: Libtool                                         skipped (foreign.at:60)

Autoscan.

364: autoscan                                        ok

## ------------- ##
## Test results. ##
## ------------- ##

## -------------------------- ##
## testsuite.log was created. ##
## -------------------------- ##

Please send `tests/testsuite.log' and all information you think might help:

   To: <bug-autoconf@gnu.org>
   Subject: [GNU Autoconf 2.63] testsuite: 1 8 9 10 12 14 18 20 21 22 23 24 25 27 28 50 133 136 138 139 140 141 142 143 144 145 146 147 149 150 151 152 153 154 155 156 157 158 159 160 161 162 163 164 165 166 172 173 174 175 176 177 178 179 180 181 182 185 186 187 188 189 190 191 192 193 194 195 196 197 198 199 200 201 202 203 204 205 206 207 208 209 210 211 212 213 214 215 216 217 218 219 220 221 222 223 224 225 226 227 228 229 230 231 232 233 234 235 236 237 238 239 240 241 242 243 244 245 246 247 248 249 250 251 252 253 254 255 256 257 258 259 260 261 262 263 264 265 266 267 268 269 270 271 272 273 274 275 276 277 278 279 280 281 282 283 284 285 286 287 288 289 290 291 292 293 294 295 296 297 298 299 300 301 302 303 304 305 306 307 308 309 310 311 312 313 314 315 316 317 318 319 320 321 322 323 324 325 326 327 328 329 330 331 332 333 334 335 336 337 338 339 340 341 342 343 344 345 346 347 348 349 350 351 352 353 354 355 356 357 358 359 360 361 362 failed, 91 passed unexpectedly


You may investigate any problem if you feel able to do so, in which
case the test suite provides a good starting point.  Its output may
be found below `tests/testsuite.dir'.

make[4]: Leaving directory `/export/home/drlou/illumos-userland-1248/components/autoconf/build/i86/tests'
make[3]: Leaving directory `/export/home/drlou/illumos-userland-1248/components/autoconf/build/i86/tests'
make[2]: Leaving directory `/export/home/drlou/illumos-userland-1248/components/autoconf/build/i86'
make[1]: Leaving directory `/export/home/drlou/illumos-userland-1248/components/autoconf/build/i86'
